  assimpTest.cpp
C:\glfw-3.3.3\include\mesh.hpp(60,1): warning C4267: 'argumento': conversión de 'size_t' a 'GLsizei'; posible pérdida de datos
C:\glfw-3.3.3\include\mesh.hpp(77,1): warning C4267: 'inicializando': conversión de 'size_t' a 'u32'; posible pérdida de datos
C:\glfw-3.3.3\include\mesh.hpp(77,1): warning C4267: 'inicializando': conversión de 'size_t' a 'const u32'; posible pérdida de datos
C:\glfw-3.3.3\include\mesh.hpp(78,1): warning C4267: 'inicializando': conversión de 'size_t' a 'u32'; posible pérdida de datos
C:\glfw-3.3.3\include\mesh.hpp(78,1): warning C4267: 'inicializando': conversión de 'size_t' a 'const u32'; posible pérdida de datos
C:\glfw-3.3.3\include\cam.hpp(30,1): warning C4305: 'inicializando': truncamiento de 'double' a 'f32'
C:\glfw-3.3.3\include\cam.hpp(38,13): warning C4244: 'return': conversión de 'T' a 'int'; posible pérdida de datos
          with
          [
              T=float
          ]
C:\glfw-3.3.3\include\cam.hpp(41,13): warning C4244: 'return': conversión de 'T' a 'int'; posible pérdida de datos
          with
          [
              T=float
          ]
C:\glfw-3.3.3\include\cam.hpp(44,13): warning C4244: 'return': conversión de 'T' a 'int'; posible pérdida de datos
          with
          [
              T=float
          ]
C:\glfw-3.3.3\include\cam.hpp(51,12): warning C4244: '=': conversión de 'f64' a 'f32'; posible pérdida de datos
C:\glfw-3.3.3\include\cam.hpp(52,12): warning C4244: '=': conversión de 'f64' a 'f32'; posible pérdida de datos
C:\glfw-3.3.3\include\cam.hpp(57,11): warning C4244: '=': conversión de 'f64' a 'f32'; posible pérdida de datos
C:\glfw-3.3.3\include\cam.hpp(58,11): warning C4244: '=': conversión de 'f64' a 'f32'; posible pérdida de datos
C:\glfw-3.3.3\include\cam.hpp(79,1): warning C4305: '=': truncamiento de 'double' a 'f32'
C:\glfw-3.3.3\include\cam.hpp(81,1): warning C4305: '=': truncamiento de 'double' a 'f32'
C:\glfw-3.3.3\include\cam.hpp(95,1): warning C4305: '=': truncamiento de 'double' a 'f32'
C:\glfw-3.3.3\include\cam.hpp(97,1): warning C4305: '=': truncamiento de 'double' a 'f32'
C:\Users\Bill\source\repos\Computacion Grafica assimp\Computacion Grafica assimp\assimpTest.cpp(71,20): warning C4018: '<': no coinciden signed/unsigned
C:\Users\Bill\source\repos\Computacion Grafica assimp\Computacion Grafica assimp\assimpTest.cpp(72,21): warning C4018: '<': no coinciden signed/unsigned
C:\Users\Bill\source\repos\Computacion Grafica assimp\Computacion Grafica assimp\assimpTest.cpp(127,12): warning C4244: 'argumento': conversión de 'time_t' a 'unsigned int'; posible pérdida de datos
C:\Users\Bill\source\repos\Computacion Grafica assimp\Computacion Grafica assimp\assimpTest.cpp(133,20): warning C4018: '<': no coinciden signed/unsigned
C:\Users\Bill\source\repos\Computacion Grafica assimp\Computacion Grafica assimp\assimpTest.cpp(193,19): warning C4244: 'argumento': conversión de 'double' a 'unsigned int'; posible pérdida de datos
C:\Users\Bill\source\repos\Computacion Grafica assimp\Computacion Grafica assimp\assimpTest.cpp(199,9): warning C4244: 'inicializando': conversión de 'int' a 'f32'; posible pérdida de datos
C:\Users\Bill\source\repos\Computacion Grafica assimp\Computacion Grafica assimp\assimpTest.cpp(201,9): warning C4244: 'inicializando': conversión de 'int' a 'f32'; posible pérdida de datos
C:\Users\Bill\source\repos\Computacion Grafica assimp\Computacion Grafica assimp\assimpTest.cpp(203,9): warning C4244: 'inicializando': conversión de 'int' a 'f32'; posible pérdida de datos
C:\Users\Bill\source\repos\Computacion Grafica assimp\Computacion Grafica assimp\assimpTest.cpp(208,13): warning C4244: 'inicializando': conversión de 'double' a 'f32'; posible pérdida de datos
C:\Users\Bill\source\repos\Computacion Grafica assimp\Computacion Grafica assimp\assimpTest.cpp(211,16): warning C4244: 'inicializando': conversión de 'int' a 'f32'; posible pérdida de datos
C:\Users\Bill\source\repos\Computacion Grafica assimp\Computacion Grafica assimp\assimpTest.cpp(222,20): warning C4244: 'inicializando': conversión de 'double' a 'f32'; posible pérdida de datos
C:\Users\Bill\source\repos\Computacion Grafica assimp\Computacion Grafica assimp\assimpTest.cpp(343,15): warning C4244: 'inicializando': conversión de 'double' a 'f32'; posible pérdida de datos
C:\Users\Bill\source\repos\Computacion Grafica assimp\Computacion Grafica assimp\assimpTest.cpp(346,18): warning C4244: 'inicializando': conversión de 'int' a 'f32'; posible pérdida de datos
  Computacion Grafica assimp.vcxproj -> C:\Users\Bill\source\repos\Computacion Grafica assimp\x64\Debug\Computacion Grafica assimp.exe
